Time resolution is 1 ps
Reading the file
Result = 4294967293
1. addi implementation is correct for x0 
2. addi implementation is correct 
3. slli implementation is correct 
4. slti implementation is correct 
5. sltiu implementation is correct 
6. xori implementation is correct 
7. srli implementation is correct 
8. srai implementation is correct 
9. ori implementation is correct 
10. andi implementation is correct
11. add implementation is correct 
12. sub implementation is correct 
13. sll implementation is correct 
14. slt implementation is correct 
15. sltu implementation is correct 
16. xor implementation is correct 
17. srl implementation is correct 
18. sra implementation is correct 
19. or implementation is correct 
20. and implementation is correct 
21. lui implementation is correct 
22. auipc implementation is correct 
23. sb implementation is incorrect
24. sh implementation is incorrect
26. lb implementation is incorrect
27. lh implementation is incorrect
28. lw implementation is incorrect
29. lbu implementation is incorrect
30. lhu implementation is incorrect
31. blt is executing
31. blt implementation is incorrect
31. blt is executing
31. blt implementation is incorrect
31. blt is executing
31. blt implementation is incorrect
31. blt is executing
31. blt implementation is incorrect
31. blt is executing
31. blt implementation is incorrect
31. blt is executing
31. blt implementation is incorrect
31. blt is executing
31. blt implementation is incorrect
31. blt is executing
31. blt implementation is incorrect
Faulty Instructions =>          15
Error(s) encountered, please check your design!
Faulty Instructions =>          15
Error(s) encountered, please check your design!
31. blt is executing
Faulty Instructions =>          15
Error(s) encountered, please check your design!
Faulty Instructions =>          15
Error(s) encountered, please check your design!
Faulty Instructions =>          15
Error(s) encountered, please check your design!
31. blt implementation is incorrect
Faulty Instructions =>          16
Error(s) encountered, please check your design!
Faulty Instructions =>          16
Error(s) encountered, please check your design!
31. blt is executing
Faulty Instructions =>          16
Error(s) encountered, please check your design!
Faulty Instructions =>          16
Error(s) encountered, please check your design!
Faulty Instructions =>          16
Error(s) encountered, please check your design!
31. blt implementation is correct 
Faulty Instructions =>          16
Error(s) encountered, please check your design!
Faulty Instructions =>          16
Error(s) encountered, please check your design!
Faulty Instructions =>          16
Error(s) encountered, please check your design!
Faulty Instructions =>          16
Error(s) encountered, please check your design!
32. bge is executing
Faulty Instructions =>          16
Error(s) encountered, please check your design!
Faulty Instructions =>          16
Error(s) encountered, please check your design!
Faulty Instructions =>          16
Error(s) encountered, please check your design!
32. bge implementation is incorrect
Faulty Instructions =>          17
Error(s) encountered, please check your design!
Faulty Instructions =>          17
Error(s) encountered, please check your design!
32. bge is executing
Faulty Instructions =>          17
Error(s) encountered, please check your design!
Faulty Instructions =>          17
Error(s) encountered, please check your design!
Faulty Instructions =>          17
Error(s) encountered, please check your design!
32. bge implementation is incorrect
Faulty Instructions =>          18
Error(s) encountered, please check your design!
Faulty Instructions =>          18
Error(s) encountered, please check your design!
32. bge is executing
Faulty Instructions =>          18
Error(s) encountered, please check your design!
Faulty Instructions =>          18
Error(s) encountered, please check your design!
Faulty Instructions =>          18
Error(s) encountered, please check your design!
32. bge implementation is incorrect
Faulty Instructions =>          19
Error(s) encountered, please check your design!
Faulty Instructions =>          19
Error(s) encountered, please check your design!
32. bge is executing
Faulty Instructions =>          19
Error(s) encountered, please check your design!
Faulty Instructions =>          19
Error(s) encountered, please check your design!
Faulty Instructions =>          19
Error(s) encountered, please check your design!
32. bge implementation is incorrect
Faulty Instructions =>          20
Error(s) encountered, please check your design!
Faulty Instructions =>          20
Error(s) encountered, please check your design!
32. bge is executing
Faulty Instructions =>          20
Error(s) encountered, please check your design!
Faulty Instructions =>          20
Error(s) encountered, please check your design!
Faulty Instructions =>          20
Error(s) encountered, please check your design!
32. bge implementation is incorrect
Faulty Instructions =>          21
Error(s) encountered, please check your design!
Faulty Instructions =>          21
Error(s) encountered, please check your design!
32. bge is executing
Faulty Instructions =>          21
Error(s) encountered, please check your design!
Faulty Instructions =>          21
Error(s) encountered, please check your design!
Faulty Instructions =>          21
Error(s) encountered, please check your design!
32. bge implementation is incorrect
Faulty Instructions =>          22
Error(s) encountered, please check your design!
Faulty Instructions =>          22
Error(s) encountered, please check your design!
32. bge is executing
Faulty Instructions =>          22
Error(s) encountered, please check your design!
Faulty Instructions =>          22
Error(s) encountered, please check your design!
Faulty Instructions =>          22
Error(s) encountered, please check your design!
32. bge implementation is incorrect
Faulty Instructions =>          23
Error(s) encountered, please check your design!
Faulty Instructions =>          23
Error(s) encountered, please check your design!
32. bge is executing
Faulty Instructions =>          23
Error(s) encountered, please check your design!
Faulty Instructions =>          23
Error(s) encountered, please check your design!
Faulty Instructions =>          23
Error(s) encountered, please check your design!
32. bge implementation is incorrect
Faulty Instructions =>          24
Error(s) encountered, please check your design!
Faulty Instructions =>          24
Error(s) encountered, please check your design!
32. bge is executing
Faulty Instructions =>          24
Error(s) encountered, please check your design!
Faulty Instructions =>          24
Error(s) encountered, please check your design!
Faulty Instructions =>          24
Error(s) encountered, please check your design!
32. bge implementation is incorrect
Faulty Instructions =>          25
Error(s) encountered, please check your design!
Faulty Instructions =>          25
Error(s) encountered, please check your design!
32. bge is executing
Faulty Instructions =>          25
Error(s) encountered, please check your design!
Faulty Instructions =>          25
Error(s) encountered, please check your design!
Faulty Instructions =>          25
Error(s) encountered, please check your design!
32. bge implementation is incorrect
Faulty Instructions =>          26
Error(s) encountered, please check your design!
Faulty Instructions =>          26
Error(s) encountered, please check your design!
32. bge is executing
Faulty Instructions =>          26
Error(s) encountered, please check your design!
Faulty Instructions =>          26
Error(s) encountered, please check your design!
Faulty Instructions =>          26
Error(s) encountered, please check your design!
32. bge implementation is correct
Faulty Instructions =>          26
Error(s) encountered, please check your design!
Faulty Instructions =>          26
Error(s) encountered, please check your design!
Faulty Instructions =>          26
Error(s) encountered, please check your design!
Faulty Instructions =>          26
Error(s) encountered, please check your design!
33. bltu is executing
Faulty Instructions =>          26
Error(s) encountered, please check your design!
Faulty Instructions =>          26
Error(s) encountered, please check your design!
Faulty Instructions =>          26
Error(s) encountered, please check your design!
33. bltu implementation is incorrect
Faulty Instructions =>          27
Error(s) encountered, please check your design!
Faulty Instructions =>          27
Error(s) encountered, please check your design!
33. bltu is executing
Faulty Instructions =>          27
Error(s) encountered, please check your design!
Faulty Instructions =>          27
Error(s) encountered, please check your design!
Faulty Instructions =>          27
Error(s) encountered, please check your design!
33. bltu implementation is incorrect
Faulty Instructions =>          28
Error(s) encountered, please check your design!
Faulty Instructions =>          28
Error(s) encountered, please check your design!
33. bltu is executing
Faulty Instructions =>          28
Error(s) encountered, please check your design!
Faulty Instructions =>          28
Error(s) encountered, please check your design!
Faulty Instructions =>          28
Error(s) encountered, please check your design!
33. bltu implementation is incorrect
Faulty Instructions =>          29
Error(s) encountered, please check your design!
Faulty Instructions =>          29
Error(s) encountered, please check your design!
33. bltu is executing
Faulty Instructions =>          29
Error(s) encountered, please check your design!
Faulty Instructions =>          29
Error(s) encountered, please check your design!
Faulty Instructions =>          29
Error(s) encountered, please check your design!
33. bltu implementation is correct 
Faulty Instructions =>          29
Error(s) encountered, please check your design!
Faulty Instructions =>          29
Error(s) encountered, please check your design!
Faulty Instructions =>          29
Error(s) encountered, please check your design!
Faulty Instructions =>          29
Error(s) encountered, please check your design!
34. bgeu is executing
Faulty Instructions =>          29
Error(s) encountered, please check your design!
Faulty Instructions =>          29
Error(s) encountered, please check your design!
Faulty Instructions =>          29
Error(s) encountered, please check your design!
34. bgeu implementation is correct 
Faulty Instructions =>          29
Error(s) encountered, please check your design!
Faulty Instructions =>          29
Error(s) encountered, please check your design!
34. bgeu is executing
Faulty Instructions =>          29
Error(s) encountered, please check your design!
Faulty Instructions =>          29
Error(s) encountered, please check your design!
Faulty Instructions =>          29
Error(s) encountered, please check your design!
34. bgeu implementation is correct 
Faulty Instructions =>          29
Error(s) encountered, please check your design!
Faulty Instructions =>          29
Error(s) encountered, please check your design!
34. bgeu is executing
Faulty Instructions =>          29
Error(s) encountered, please check your design!
Faulty Instructions =>          29
Error(s) encountered, please check your design!
Faulty Instructions =>          29
Error(s) encountered, please check your design!
34. bgeu implementation is correct 
Faulty Instructions =>          29
Error(s) encountered, please check your design!
Faulty Instructions =>          29
Error(s) encountered, please check your design!
34. bgeu is executing
Faulty Instructions =>          29
Error(s) encountered, please check your design!
Faulty Instructions =>          29
Error(s) encountered, please check your design!
Faulty Instructions =>          29
Error(s) encountered, please check your design!
34. bgeu implementation is correct 
Faulty Instructions =>          29
Error(s) encountered, please check your design!
Faulty Instructions =>          29
Error(s) encountered, please check your design!
34. bgeu is executing
Faulty Instructions =>          29
Error(s) encountered, please check your design!
Faulty Instructions =>          29
Error(s) encountered, please check your design!
Faulty Instructions =>          29
Error(s) encountered, please check your design!
34. bgeu implementation is correct 
Faulty Instructions =>          29
Error(s) encountered, please check your design!
Faulty Instructions =>          29
Error(s) encountered, please check your design!
Faulty Instructions =>          29
Error(s) encountered, please check your design!
Faulty Instructions =>          29
Error(s) encountered, please check your design!
35. bne is executing
Faulty Instructions =>          29
Error(s) encountered, please check your design!
Faulty Instructions =>          29
Error(s) encountered, please check your design!
Faulty Instructions =>          29
Error(s) encountered, please check your design!
35. bne implementation is incorrect
Faulty Instructions =>          30
Error(s) encountered, please check your design!
Faulty Instructions =>          30
Error(s) encountered, please check your design!
35. bne is executing
Faulty Instructions =>          30
Error(s) encountered, please check your design!
Faulty Instructions =>          30
Error(s) encountered, please check your design!
Faulty Instructions =>          30
Error(s) encountered, please check your design!
35. bne implementation is incorrect
Faulty Instructions =>          31
Error(s) encountered, please check your design!
Faulty Instructions =>          31
Error(s) encountered, please check your design!
35. bne is executing
Faulty Instructions =>          31
Error(s) encountered, please check your design!
Faulty Instructions =>          31
Error(s) encountered, please check your design!
Faulty Instructions =>          31
Error(s) encountered, please check your design!
35. bne implementation is incorrect
Faulty Instructions =>          32
Error(s) encountered, please check your design!
Faulty Instructions =>          32
Error(s) encountered, please check your design!
35. bne is executing
Faulty Instructions =>          32
Error(s) encountered, please check your design!
Faulty Instructions =>          32
Error(s) encountered, please check your design!
Faulty Instructions =>          32
Error(s) encountered, please check your design!
35. bne implementation is incorrect
Faulty Instructions =>          33
Error(s) encountered, please check your design!
Faulty Instructions =>          33
Error(s) encountered, please check your design!
35. bne is executing
Faulty Instructions =>          33
Error(s) encountered, please check your design!
Faulty Instructions =>          33
Error(s) encountered, please check your design!
Faulty Instructions =>          33
Error(s) encountered, please check your design!
35. bne implementation is correct 
Faulty Instructions =>          33
Error(s) encountered, please check your design!
Faulty Instructions =>          33
Error(s) encountered, please check your design!
Faulty Instructions =>          33
Error(s) encountered, please check your design!
Faulty Instructions =>          33
Error(s) encountered, please check your design!
36. beq is executing
Faulty Instructions =>          33
Error(s) encountered, please check your design!
Faulty Instructions =>          33
Error(s) encountered, please check your design!
Faulty Instructions =>          33
Error(s) encountered, please check your design!
36. beq implementation is incorrect
Faulty Instructions =>          34
Error(s) encountered, please check your design!
Faulty Instructions =>          34
Error(s) encountered, please check your design!
36. beq is executing
Faulty Instructions =>          34
Error(s) encountered, please check your design!
Faulty Instructions =>          34
Error(s) encountered, please check your design!
Faulty Instructions =>          34
Error(s) encountered, please check your design!
36. beq implementation is correct 
Faulty Instructions =>          34
Error(s) encountered, please check your design!
Faulty Instructions =>          34
Error(s) encountered, please check your design!
Faulty Instructions =>          34
Error(s) encountered, please check your design!
37. jalr implementation is incorrect
Faulty Instructions =>          35
Error(s) encountered, please check your design!
37. jalr implementation is correct 
Faulty Instructions =>          35
Error(s) encountered, please check your design!
38. jal implementation is correct 
Faulty Instructions =>          35
Error(s) encountered, please check your design!
Faulty Instructions =>          35
Error(s) encountered, please check your design!
Faulty Instructions =>          35
Error(s) encountered, please check your design!
38. jal implementation is correct 
Faulty Instructions =>          35
Error(s) encountered, please check your design!
Faulty Instructions =>          35
Error(s) encountered, please check your design!
Faulty Instructions =>          35
Error(s) encountered, please check your design!
38. jal implementation is correct 
Faulty Instructions =>          35
Error(s) encountered, please check your design!
Faulty Instructions =>          35
Error(s) encountered, please check your design!
Faulty Instructions =>          35
Error(s) encountered, please check your design!
38. jal implementation is correct 
Faulty Instructions =>          35
Error(s) encountered, please check your design!
Faulty Instructions =>          35
Error(s) encountered, please check your design!
Faulty Instructions =>          35
Error(s) encountered, please check your design!
38. jal implementation is correct 
Faulty Instructions =>          35
Error(s) encountered, please check your design!
Faulty Instructions =>          35
Error(s) encountered, please check your design!
Faulty Instructions =>          35
Error(s) encountered, please check your design!
38. jal implementation is correct 
Faulty Instructions =>          35
Error(s) encountered, please check your design!
Faulty Instructions =>          35
Error(s) encountered, please check your design!
Faulty Instructions =>          35
Error(s) encountered, please check your design!
38. jal implementation is correct 
Faulty Instructions =>          35
Error(s) encountered, please check your design!
Faulty Instructions =>          35
Error(s) encountered, please check your design!
Faulty Instructions =>          35
Error(s) encountered, please check your design!
38. jal implementation is correct 
Faulty Instructions =>          35
Error(s) encountered, please check your design!
Faulty Instructions =>          35
Error(s) encountered, please check your design!
Faulty Instructions =>          35
Error(s) encountered, please check your design!
38. jal implementation is correct 
Faulty Instructions =>          35
Error(s) encountered, please check your design!
Faulty Instructions =>          35
Error(s) encountered, please check your design!
Faulty Instructions =>          35
Error(s) encountered, please check your design!
38. jal implementation is correct 
Faulty Instructions =>          35
Error(s) encountered, please check your design!
Faulty Instructions =>          35
Error(s) encountered, please check your design!
Faulty Instructions =>          35
Error(s) encountered, please check your design!
38. jal implementation is correct 
Faulty Instructions =>          35
Error(s) encountered, please check your design!
Faulty Instructions =>          35
Error(s) encountered, please check your design!
Faulty Instructions =>          35
Error(s) encountered, please check your design!
38. jal implementation is correct 
Faulty Instructions =>          35
Error(s) encountered, please check your design!
Faulty Instructions =>          35
Error(s) encountered, please check your design!
Faulty Instructions =>          35
Error(s) encountered, please check your design!
38. jal implementation is correct 
Faulty Instructions =>          35
Error(s) encountered, please check your design!
Faulty Instructions =>          35
Error(s) encountered, please check your design!
Faulty Instructions =>          35
Error(s) encountered, please check your design!
38. jal implementation is correct 
Faulty Instructions =>          35
Error(s) encountered, please check your design!
Faulty Instructions =>          35
Error(s) encountered, please check your design!
Faulty Instructions =>         